  cmdline.c
  strtou64.c
  strtoul.c
  u64tohex.c
  _filename.c
  _strcat.c
  _strcmp.c
  _strcmpi.c
  _strcpy.c
  _strend.c
  _strlen.c
  _strncpy.c
  aes.c
  hde64.c
  compess.cpp
  drvmap.cpp
  dsefix.cpp
  atszio.cpp
  directio64.cpp
  lha.cpp
  mapmem.cpp
  phymem.cpp
  winio.cpp
  nal.cpp
  rtcore.cpp
  winring0.cpp
  main.cpp
  kduprov.cpp
  pagewalk.cpp
  ps.cpp
  shellcode.cpp
  sup.cpp
  tests.cpp
  victim.cpp
  Generating code
  Previous IPDB not found, fall back to full compilation.
  All 218 functions were compiled because no usable IPDB/IOBJ from previous compilation was found.
  Finished generating code
  KDU.vcxproj -> C:\Users\Majdev\Desktop\KDU-master\Hamakaze\output\x64\Release\kdu.exe
  GenAsIo2Unlock v1.0 built at Tue Apr 20 10:22:25 2021
  [G] Processing input file .\output\x64\Release\kdu.exe
  [G] CryptoAPI context acquired
  [G] AES key imported successfully
  [G] AES ECB mode set
  [G] Data for driver unlocking encrypted successfully
  [G] Generating AsIo2 unlock resource
  [G] File resources updated
  [G] Updating file checksum
  [G] Checksum updated
